<?xml version="1.0" encoding="UTF-8"?>
<!-- Generated by org.testng.reporters.JUnitXMLReporter -->
<testsuite ignored="0" hostname="DESKTOP-QLSIQ3F" failures="0" tests="8" name="Test" time="0.058" errors="0" timestamp="2022-08-19T12:59:02 IST">
  <testcase classname="org.practice.OrdersDummyTest" name="verifyOrderTest" time="0.008"/>
  <testcase classname="testNG.ItemsDummyTest" name="verifyItemsOrder" time="0.001"/>
  <testcase classname="org.practice.LoginDummyTest" name="verifyLoginTest" time="0.001"/>
  <testcase classname="testNG.cartDummyTest" name="verifyHomeOrder" time="0.0"/>
  <testcase classname="org.practice.HomeDummyTest" name="verifyHomeOrder" time="0.001"/>
  <testcase classname="testNG.LogoutDummyTest" name="verifyLogoutTest" time="0.0"/>
  <testcase classname="testNG.RegisterDummyTest" name="verifyRegisterTest" time="0.001"/>
  <testcase classname="org.practice.RestaurantDummyTest" name="verifyRestaurantOrder" time="0.001"/>
</testsuite> <!-- Test -->
